chown: 正在更改"/tmp/" 的所有者: 不允许的操作
Connection to ap01 closed.
ssh: Could not resolve hostname chmod: Name or service not known
chown: 正在更改"/tmp/" 的所有者: 不允许的操作
Connection to ap02 closed.
ssh: Could not resolve hostname chmod: Name or service not known
chown: 正在更改"/tmp/" 的所有者: 不允许的操作
Connection to ap_sh01 closed.
ssh: Could not resolve hostname chmod: Name or service not known
chown: 正在更改"/tmp/" 的所有者: 不允许的操作
Connection to ap_sh02 closed.
ssh: Could not resolve hostname chmod: Name or service not known
chown: 正在更改"/tmp/" 的所有者: 不允许的操作
Connection to ap_hk01 closed.
ssh: Could not resolve hostname chmod: Name or service not known
chown: 正在更改"/tmp/" 的所有者: 不允许的操作
Connection to ap_hk02 closed.
ssh: Could not resolve hostname chmod: Name or service not known
chown: 正在更改"/tmp/" 的所有者: 不允许的操作
Connection to ap01 closed.
chown: 正在更改"/tmp/" 的所有者: 不允许的操作
Connection to ap01 closed.
chown: 正在更改"/tmp/" 的所有者: 不允许的操作
Connection to ap01 closed.
ssh: Could not resolve hostname chmod: Name or service not known
chown: 正在更改"/tmp/" 的所有者: 不允许的操作
Connection to ap02 closed.
ssh: Could not resolve hostname chmod: Name or service not known
chown: 正在更改"/tmp/" 的所有者: 不允许的操作
Connection to ap_sh01 closed.
ssh: Could not resolve hostname chmod: Name or service not known
chown: 正在更改"/tmp/" 的所有者: 不允许的操作
Connection to ap_sh02 closed.
ssh: Could not resolve hostname chmod: Name or service not known
chown: 正在更改"/tmp/" 的所有者: 不允许的操作
Connection to ap_hk01 closed.
ssh: Could not resolve hostname chmod: Name or service not known
chown: 正在更改"/tmp/" 的所有者: 不允许的操作
Connection to ap_hk02 closed.
ssh: Could not resolve hostname chmod: Name or service not known
